#
# A fatal error has been detected by the Java Runtime Environment:
#
#  EXCEPTION_ACCESS_VIOLATION (0xc0000005) at pc=0x0000000067a524f7, pid=41596, tid=41768
#
# JRE version: Java(TM) SE Runtime Environment (8.0_11-b12) (build 1.8.0_11-b12)
# Java VM: Java HotSpot(TM) 64-Bit Server VM (25.11-b03 mixed mode windows-amd64 compressed oops)
# Problematic frame:
# V  [jvm.dll+0x1f24f7]
#
# Failed to write core dump. Minidumps are not enabled by default on client versions of Windows
#
# If you would like to submit a bug report, please visit:
#   http://bugreport.sun.com/bugreport/crash.jsp
#

---------------  T H R E A D  ---------------

Current thread (0x00000000575c6800):  JavaThread "Signal Dispatcher" daemon [_thread_in_vm, id=41768, stack(0x00000000589e0000,0x0000000058ae0000)]

siginfo: ExceptionCode=0xc0000005, writing address 0x0000000058ada2e0

Registers:
RAX=0x0000000058ada2e0, RBX=0x0000000000000006, RCX=0x0000000000005000, RDX=0x0000000000000006
RSP=0x0000000058adf2e0, RBP=0x0000000000000000, RSI=0x0000000058adf2e0, RDI=0x0000000000000006
R8 =0x0000000000000006, R9 =0x00000000564f0590, R10=0x0000000055b2bf18, R11=0x00000000589ea150
R12=0x00000000564f0590, R13=0x00000000575c6800, R14=0x0000000058adf3a8, R15=0x0000000055b2bf18
RIP=0x0000000067a524f7, EFLAGS=0x0000000000010202

Top of Stack: (sp=0x0000000058adf2e0)
0x0000000058adf2e0:   0000000000000000 0000000006000006
0x0000000058adf2f0:   00000000575c6800 00000000564f0590
0x0000000058adf300:   00000000ffffffff 0000000067a53427
0x0000000058adf310:   0000000058adf410 0000000055b2bf18
0x0000000058adf320:   00000000575c6800 00000000679102c3
0x0000000058adf330:   0000000058adf370 00000000575c6800
0x0000000058adf340:   0000000058adf400 00000000575c6800
0x0000000058adf350:   0000000055b2bf18 00000000575c6800
0x0000000058adf360:   0000000002470780 00000000575c6800
0x0000000058adf370:   0000000055b2bf18 00000000575c6800
0x0000000058adf380:   0000000055b2bf18 00000000575c6800
0x0000000058adf390:   0000000000000001 0000000055b2bf18
0x0000000058adf3a0:   00000000575c6800 00000000564faeb0
0x0000000058adf3b0:   00000000575c6800 00000000679117ad
0x0000000058adf3c0:   0000000058adf710 0000000015b06448
0x0000000058adf3d0:   0000000015b06448 0000000000000042 

Instructions: (pc=0x0000000067a524f7)
0x0000000067a524d7:   48 89 6c 24 30 33 ed 66 90 e8 8b 4e 08 00 ff c3
0x0000000067a524e7:   48 63 c8 48 8b c6 48 0f af cf 48 ff c7 48 2b c1
0x0000000067a524f7:   89 28 48 63 c3 48 3b 05 fd 66 55 00 7e db 48 8b
0x0000000067a52507:   6c 24 30 48 8b 5c 24 38 48 8b 74 24 40 48 83 c4 


Register to memory mapping:

RAX=0x0000000058ada2e0 is pointing into the stack for thread: 0x00000000575c6800
RBX=0x0000000000000006 is an unknown value
RCX=0x0000000000005000 is an unknown value
RDX=0x0000000000000006 is an unknown value
RSP=0x0000000058adf2e0 is pointing into the stack for thread: 0x00000000575c6800
RBP=0x0000000000000000 is an unknown value
RSI=0x0000000058adf2e0 is pointing into the stack for thread: 0x00000000575c6800
RDI=0x0000000000000006 is an unknown value
R8 =0x0000000000000006 is an unknown value
R9 =0x00000000564f0590 is an unknown value
R10=0x0000000055b2bf18 is an unknown value
R11=0x00000000589ea150 is pointing into the stack for thread: 0x00000000575c6800
R12=0x00000000564f0590 is an unknown value
R13=0x00000000575c6800 is a thread
R14=0x0000000058adf3a8 is pointing into the stack for thread: 0x00000000575c6800
R15=0x0000000055b2bf18 is an unknown value


Stack: [0x00000000589e0000,0x0000000058ae0000],  sp=0x0000000058adf2e0,  free space=1020k
